{
  "RSpec": {
    "coverage": {
      "/home/ad/fshome4/u4/n/nsikkila/Linux/ilmoprojekti/spec/models/project_spec.rb": [
        1,
        null,
        null,
        null,
        null,
        null,
        1,
        null,
        null
      ],
      "/home/ad/fshome4/u4/n/nsikkila/Linux/ilmoprojekti/app/models/signup.rb": [
        1,
        1,
        1,
        null
      ],
      "/home/ad/fshome4/u4/n/nsikkila/Linux/ilmoprojekti/spec/models/projectbundle_spec.rb": [
        1,
        null,
        null,
        null,
        null,
        null,
        1,
        null,
        null
      ],
      "/home/ad/fshome4/u4/n/nsikkila/Linux/ilmoprojekti/spec/models/signup_spec.rb": [
        1,
        null,
        null,
        null,
        null,
        null,
        1,
        null,
        3,
        null,
        1,
        null,
        1,
        1,
        1,
        1,
        null,
        null,
        1,
        1,
        1,
        1,
        null,
        null,
        null,
        null,
        null,
        null,
        null,
        null,
        null,
        null,
        null,
        null,
        null,
        null
      ],
      "/home/ad/fshome4/u4/n/nsikkila/Linux/ilmoprojekti/spec/models/student_spec.rb": [
        1,
        null,
        null,
        null,
        null,
        null,
        1,
        null,
        3,
        null,
        1,
        null,
        null,
        null,
        null,
        1,
        1,
        1,
        null,
        null,
        1,
        1,
        null,
        1,
        null,
        1,
        null,
        null,
        null
      ],
      "/home/ad/fshome4/u4/n/nsikkila/Linux/ilmoprojekti/app/models/student.rb": [
        1,
        1,
        null
      ],
      "/home/ad/fshome4/u4/n/nsikkila/Linux/ilmoprojekti/spec/models/user_spec.rb": [
        1,
        null,
        null,
        null,
        null,
        null,
        1,
        4,
        null,
        1,
        1,
        null,
        null,
        1,
        1,
        1,
        null,
        null,
        null,
        null,
        1,
        null,
        1,
        null,
        1,
        null,
        null,
        1,
        null,
        1,
        null,
        null,
        null,
        1,
        null,
        1,
        null,
        1,
        null,
        1,
        null,
        1,
        null,
        null,
        null,
        null,
        null,
        null,
        null,
        null
      ],
      "/home/ad/fshome4/u4/n/nsikkila/Linux/ilmoprojekti/app/controllers/sessions_controller.rb": [
        1,
        null,
        1,
        null,
        null,
        null,
        1,
        null,
        3,
        3,
        2,
        null,
        1,
        1,
        null,
        null,
        null,
        1,
        null,
        0,
        null,
        0,
        null,
        null
      ],
      "/home/ad/fshome4/u4/n/nsikkila/Linux/ilmoprojekti/app/controllers/application_controller.rb": [
        1,
        null,
        null,
        1,
        null,
        1,
        1,
        1,
        null,
        1,
        17,
        7,
        null,
        null,
        1,
        1,
        1,
        1,
        null,
        0,
        null,
        null,
        null,
        1,
        0,
        null,
        null
      ],
      "/home/ad/fshome4/u4/n/nsikkila/Linux/ilmoprojekti/app/controllers/users_controller.rb": [
        1,
        1,
        null,
        null,
        null,
        1,
        0,
        0,
        null,
        0,
        null,
        null,
        null,
        null,
        null,
        null,
        1,
        1,
        0,
        null,
        null,
        null,
        null,
        1,
        0,
        0,
        null,
        0,
        null,
        null,
        null,
        null,
        1,
        0,
        0,
        0,
        0,
        null,
        0,
        null,
        null,
        null,
        null,
        null,
        null,
        1,
        0,
        0,
        null,
        0,
        0,
        0,
        0,
        null,
        0,
        0,
        null,
        null,
        null,
        null,
        null,
        null,
        1,
        0,
        0,
        0,
        0,
        0,
        null,
        0,
        0,
        null,
        null,
        null,
        0,
        null,
        null,
        null,
        null,
        null,
        null,
        1,
        0,
        0,
        0,
        0,
        0,
        null,
        null,
        0,
        null,
        null,
        null,
        1,
        null,
        1,
        1,
        null,
        null,
        null,
        1,
        0,
        null,
        null
      ]
    },
    "timestamp": 1391091323
  }
}
